c:\users\bruce ko\desktop\minsub lee\development\itla\software\vc workspace\twl_gui\twl_gui\debug\vc141.pdb
c:\users\bruce ko\desktop\minsub lee\development\itla\software\vc workspace\twl_gui\twl_gui\debug\stdafx.obj
c:\users\bruce ko\desktop\minsub lee\development\itla\software\vc workspace\twl_gui\twl_gui\debug\rs232_linux.obj
c:\users\bruce ko\desktop\minsub lee\development\itla\software\vc workspace\twl_gui\twl_gui\debug\myform1.obj
c:\users\bruce ko\desktop\minsub lee\development\itla\software\vc workspace\twl_gui\twl_gui\debug\myform.obj
c:\users\bruce ko\desktop\minsub lee\development\itla\software\vc workspace\twl_gui\twl_gui\debug\itla.obj
c:\users\bruce ko\desktop\minsub lee\development\itla\software\vc workspace\twl_gui\twl_gui\debug\globalfunc.obj
c:\users\bruce ko\desktop\minsub lee\development\itla\software\vc workspace\twl_gui\twl_gui\debug\.netframework,version=v4.6.1.assemblyattributes.obj
c:\users\bruce ko\desktop\minsub lee\development\itla\software\vc workspace\twl_gui\twl_gui\debug\.netframework,version=v4.6.1.assemblyattributes.asm
c:\users\bruce ko\desktop\minsub lee\development\itla\software\vc workspace\twl_gui\debug\twl_gui.exe
c:\users\bruce ko\desktop\minsub lee\development\itla\software\vc workspace\twl_gui\debug\twl_gui.pdb
c:\users\bruce ko\desktop\minsub lee\development\itla\software\vc workspace\twl_gui\twl_gui\debug\twl_gui.myform1.resources
c:\users\bruce ko\desktop\minsub lee\development\itla\software\vc workspace\twl_gui\twl_gui\debug\twl_gui.myform.resources
c:\users\bruce ko\desktop\minsub lee\development\itla\software\vc workspace\twl_gui\twl_gui\debug\twl_gui.vcxproj.generateresource.cache
c:\users\bruce ko\desktop\minsub lee\development\itla\software\vc workspace\twl_gui\twl_gui\debug\twl_gui.tlog\cl.command.1.tlog
c:\users\bruce ko\desktop\minsub lee\development\itla\software\vc workspace\twl_gui\twl_gui\debug\twl_gui.tlog\cl.read.1.tlog
c:\users\bruce ko\desktop\minsub lee\development\itla\software\vc workspace\twl_gui\twl_gui\debug\twl_gui.tlog\cl.write.1.tlog
c:\users\bruce ko\desktop\minsub lee\development\itla\software\vc workspace\twl_gui\twl_gui\debug\twl_gui.tlog\link.command.1.tlog
c:\users\bruce ko\desktop\minsub lee\development\itla\software\vc workspace\twl_gui\twl_gui\debug\twl_gui.tlog\link.read.1.tlog
c:\users\bruce ko\desktop\minsub lee\development\itla\software\vc workspace\twl_gui\twl_gui\debug\twl_gui.tlog\link.write.1.tlog
c:\users\bruce ko\desktop\minsub lee\development\itla\software\vc workspace\twl_gui\twl_gui\debug\twl_gui.tlog\metagen.read.1.tlog
c:\users\bruce ko\desktop\minsub lee\development\itla\software\vc workspace\twl_gui\twl_gui\debug\twl_gui.tlog\metagen.write.1.tlog
c:\users\bruce ko\desktop\minsub lee\development\itla\software\vc workspace\twl_gui\twl_gui\debug\twl_gui.tlog\twl_gui.write.1u.tlog
c:\users\bruce ko\desktop\minsub lee\development\itla\software\vc workspace\twl_gui\twl_gui\debug\twl_gui.tlog\tzres.dll.bi
