C:\Program Files (x86)\Microsoft Visual Studio\2017\Community\Common7\IDE\VC\VCTargets\Microsoft.CppBuild.targets(387,5): warning MSB8028: The intermediate directory (Debug\) contains files shared from another project (OHS.vcxproj, TWL_GUI.vcxproj).  This can lead to incorrect clean and rebuild behavior.
  globalFunc.cpp
globalFunc.cpp(51): warning C4996: 'fopen': This function or variable may be unsafe. Consider using fopen_s instead. To disable deprecation, use _CRT_SECURE_NO_WARNINGS. See online help for details.
  C:\Program Files (x86)\Windows Kits\10\Include\10.0.15063.0\ucrt\stdio.h(207): note: see declaration of 'fopen'
  ITLA.cpp
ITLA.cpp(13): warning C4067: unexpected tokens following preprocessor directive - expected a newline
ITLA.cpp(60): warning C4996: 'localtime': This function or variable may be unsafe. Consider using localtime_s instead. To disable deprecation, use _CRT_SECURE_NO_WARNINGS. See online help for details.
  C:\Program Files (x86)\Windows Kits\10\Include\10.0.15063.0\ucrt\time.h(505): note: see declaration of 'localtime'
ITLA.cpp(97): warning C4996: 'localtime': This function or variable may be unsafe. Consider using localtime_s instead. To disable deprecation, use _CRT_SECURE_NO_WARNINGS. See online help for details.
  C:\Program Files (x86)\Windows Kits\10\Include\10.0.15063.0\ucrt\time.h(505): note: see declaration of 'localtime'
ITLA.cpp(103): warning C4996: 'fopen': This function or variable may be unsafe. Consider using fopen_s instead. To disable deprecation, use _CRT_SECURE_NO_WARNINGS. See online help for details.
  C:\Program Files (x86)\Windows Kits\10\Include\10.0.15063.0\ucrt\stdio.h(207): note: see declaration of 'fopen'
ITLA.cpp(159): warning C4996: 'localtime': This function or variable may be unsafe. Consider using localtime_s instead. To disable deprecation, use _CRT_SECURE_NO_WARNINGS. See online help for details.
  C:\Program Files (x86)\Windows Kits\10\Include\10.0.15063.0\ucrt\time.h(505): note: see declaration of 'localtime'
ITLA.cpp(165): warning C4996: 'fopen': This function or variable may be unsafe. Consider using fopen_s instead. To disable deprecation, use _CRT_SECURE_NO_WARNINGS. See online help for details.
  C:\Program Files (x86)\Windows Kits\10\Include\10.0.15063.0\ucrt\stdio.h(207): note: see declaration of 'fopen'
ITLA.cpp(178): warning C4477: 'printf' : format string '%02d' requires an argument of type 'int', but variadic argument 2 has type 'double'
ITLA.cpp(183): warning C4477: 'fprintf' : format string '%02d' requires an argument of type 'int', but variadic argument 2 has type 'double'
ITLA.cpp(230): warning C4477: 'sprintf' : format string '%X' requires an argument of type 'unsigned int', but variadic argument 1 has type 'unsigned char *'
ITLA.cpp(230): warning C4996: 'sprintf': This function or variable may be unsafe. Consider using sprintf_s instead. To disable deprecation, use _CRT_SECURE_NO_WARNINGS. See online help for details.
  C:\Program Files (x86)\Windows Kits\10\Include\10.0.15063.0\ucrt\stdio.h(1772): note: see declaration of 'sprintf'
ITLA.cpp(232): warning C4477: 'printf' : format string '%X' requires an argument of type 'unsigned int', but variadic argument 1 has type 'System::String ^'
ITLA.cpp(275): warning C4996: 'sprintf': This function or variable may be unsafe. Consider using sprintf_s instead. To disable deprecation, use _CRT_SECURE_NO_WARNINGS. See online help for details.
  C:\Program Files (x86)\Windows Kits\10\Include\10.0.15063.0\ucrt\stdio.h(1772): note: see declaration of 'sprintf'
ITLA.cpp(301): warning C4244: '=': conversion from 'double' to 'int', possible loss of data
ITLA.cpp(286): warning C4101: 'a': unreferenced local variable
ITLA.cpp(286): warning C4101: 'l': unreferenced local variable
ITLA.cpp(286): warning C4101: 'g': unreferenced local variable
  MyForm.cpp
c:\users\bruce ko\desktop\minsub lee\development\ohs\ohs\twl_gui\MyForm.h(2417): warning C4244: 'argument': conversion from 'double' to 'int', possible loss of data
c:\users\bruce ko\desktop\minsub lee\development\ohs\ohs\twl_gui\MyForm.h(2418): warning C4244: 'argument': conversion from 'double' to 'int', possible loss of data
c:\users\bruce ko\desktop\minsub lee\development\ohs\ohs\twl_gui\MyForm.h(2461): warning C4244: 'argument': conversion from 'double' to 'int', possible loss of data
c:\users\bruce ko\desktop\minsub lee\development\ohs\ohs\twl_gui\MyForm.h(2462): warning C4244: 'argument': conversion from 'double' to 'int', possible loss of data
c:\users\bruce ko\desktop\minsub lee\development\ohs\ohs\twl_gui\MyForm.h(2513): warning C4244: '=': conversion from 'double' to 'int', possible loss of data
c:\users\bruce ko\desktop\minsub lee\development\ohs\ohs\twl_gui\MyForm.h(2515): warning C4244: '=': conversion from 'double' to 'int', possible loss of data
c:\users\bruce ko\desktop\minsub lee\development\ohs\ohs\twl_gui\MyForm.h(2591): warning C4244: '=': conversion from 'double' to 'int', possible loss of data
c:\users\bruce ko\desktop\minsub lee\development\ohs\ohs\twl_gui\MyForm.h(2593): warning C4244: '=': conversion from 'double' to 'int', possible loss of data
c:\users\bruce ko\desktop\minsub lee\development\ohs\ohs\twl_gui\MyForm.h(2659): warning C4244: '=': conversion from 'double' to 'int', possible loss of data
c:\users\bruce ko\desktop\minsub lee\development\ohs\ohs\twl_gui\MyForm.h(2661): warning C4244: '=': conversion from 'double' to 'int', possible loss of data
c:\users\bruce ko\desktop\minsub lee\development\ohs\ohs\twl_gui\MyForm.h(2737): warning C4244: '=': conversion from 'double' to 'int', possible loss of data
c:\users\bruce ko\desktop\minsub lee\development\ohs\ohs\twl_gui\MyForm.h(2739): warning C4244: '=': conversion from 'double' to 'int', possible loss of data
c:\users\bruce ko\desktop\minsub lee\development\ohs\ohs\twl_gui\MyForm.h(2837): warning C4244: '=': conversion from 'double' to 'int', possible loss of data
c:\users\bruce ko\desktop\minsub lee\development\ohs\ohs\twl_gui\MyForm.h(2895): warning C4244: '=': conversion from 'double' to 'int', possible loss of data
c:\users\bruce ko\desktop\minsub lee\development\ohs\ohs\twl_gui\MyForm.h(2992): warning C4244: 'initializing': conversion from 'double' to 'int', possible loss of data
c:\users\bruce ko\desktop\minsub lee\development\ohs\ohs\twl_gui\MyForm.h(2996): warning C4996: 'localtime': This function or variable may be unsafe. Consider using localtime_s instead. To disable deprecation, use _CRT_SECURE_NO_WARNINGS. See online help for details.
  C:\Program Files (x86)\Windows Kits\10\Include\10.0.15063.0\ucrt\time.h(505): note: see declaration of 'localtime'
c:\users\bruce ko\desktop\minsub lee\development\ohs\ohs\twl_gui\MyForm.h(2997): warning C4996: 'sprintf': This function or variable may be unsafe. Consider using sprintf_s instead. To disable deprecation, use _CRT_SECURE_NO_WARNINGS. See online help for details.
  C:\Program Files (x86)\Windows Kits\10\Include\10.0.15063.0\ucrt\stdio.h(1772): note: see declaration of 'sprintf'
c:\users\bruce ko\desktop\minsub lee\development\ohs\ohs\twl_gui\MyForm.h(3027): warning C4244: 'initializing': conversion from 'double' to 'int', possible loss of data
c:\users\bruce ko\desktop\minsub lee\development\ohs\ohs\twl_gui\MyForm.h(3031): warning C4996: 'localtime': This function or variable may be unsafe. Consider using localtime_s instead. To disable deprecation, use _CRT_SECURE_NO_WARNINGS. See online help for details.
  C:\Program Files (x86)\Windows Kits\10\Include\10.0.15063.0\ucrt\time.h(505): note: see declaration of 'localtime'
c:\users\bruce ko\desktop\minsub lee\development\ohs\ohs\twl_gui\MyForm.h(3032): warning C4996: 'sprintf': This function or variable may be unsafe. Consider using sprintf_s instead. To disable deprecation, use _CRT_SECURE_NO_WARNINGS. See online help for details.
  C:\Program Files (x86)\Windows Kits\10\Include\10.0.15063.0\ucrt\stdio.h(1772): note: see declaration of 'sprintf'
  MyForm1.cpp
  rs232_linux.cpp
rs232_linux.cpp(519): warning C4996: 'strcpy': This function or variable may be unsafe. Consider using strcpy_s instead. To disable deprecation, use _CRT_SECURE_NO_WARNINGS. See online help for details.
  C:\Program Files (x86)\Windows Kits\10\Include\10.0.15063.0\ucrt\string.h(136): note: see declaration of 'strcpy'
rs232_linux.cpp(521): warning C4996: 'strcpy': This function or variable may be unsafe. Consider using strcpy_s instead. To disable deprecation, use _CRT_SECURE_NO_WARNINGS. See online help for details.
  C:\Program Files (x86)\Windows Kits\10\Include\10.0.15063.0\ucrt\string.h(136): note: see declaration of 'strcpy'
rs232_linux.cpp(523): warning C4996: 'strcpy': This function or variable may be unsafe. Consider using strcpy_s instead. To disable deprecation, use _CRT_SECURE_NO_WARNINGS. See online help for details.
  C:\Program Files (x86)\Windows Kits\10\Include\10.0.15063.0\ucrt\string.h(136): note: see declaration of 'strcpy'
rs232_linux.cpp(525): warning C4996: 'strcpy': This function or variable may be unsafe. Consider using strcpy_s instead. To disable deprecation, use _CRT_SECURE_NO_WARNINGS. See online help for details.
  C:\Program Files (x86)\Windows Kits\10\Include\10.0.15063.0\ucrt\string.h(136): note: see declaration of 'strcpy'
rs232_linux.cpp(527): warning C4996: 'strcpy': This function or variable may be unsafe. Consider using strcpy_s instead. To disable deprecation, use _CRT_SECURE_NO_WARNINGS. See online help for details.
  C:\Program Files (x86)\Windows Kits\10\Include\10.0.15063.0\ucrt\string.h(136): note: see declaration of 'strcpy'
rs232_linux.cpp(529): warning C4996: 'strcpy': This function or variable may be unsafe. Consider using strcpy_s instead. To disable deprecation, use _CRT_SECURE_NO_WARNINGS. See online help for details.
  C:\Program Files (x86)\Windows Kits\10\Include\10.0.15063.0\ucrt\string.h(136): note: see declaration of 'strcpy'
rs232_linux.cpp(531): warning C4996: 'strcpy': This function or variable may be unsafe. Consider using strcpy_s instead. To disable deprecation, use _CRT_SECURE_NO_WARNINGS. See online help for details.
  C:\Program Files (x86)\Windows Kits\10\Include\10.0.15063.0\ucrt\string.h(136): note: see declaration of 'strcpy'
rs232_linux.cpp(533): warning C4996: 'strcpy': This function or variable may be unsafe. Consider using strcpy_s instead. To disable deprecation, use _CRT_SECURE_NO_WARNINGS. See online help for details.
  C:\Program Files (x86)\Windows Kits\10\Include\10.0.15063.0\ucrt\string.h(136): note: see declaration of 'strcpy'
rs232_linux.cpp(535): warning C4996: 'strcpy': This function or variable may be unsafe. Consider using strcpy_s instead. To disable deprecation, use _CRT_SECURE_NO_WARNINGS. See online help for details.
  C:\Program Files (x86)\Windows Kits\10\Include\10.0.15063.0\ucrt\string.h(136): note: see declaration of 'strcpy'
rs232_linux.cpp(537): warning C4996: 'strcpy': This function or variable may be unsafe. Consider using strcpy_s instead. To disable deprecation, use _CRT_SECURE_NO_WARNINGS. See online help for details.
  C:\Program Files (x86)\Windows Kits\10\Include\10.0.15063.0\ucrt\string.h(136): note: see declaration of 'strcpy'
rs232_linux.cpp(539): warning C4996: 'strcpy': This function or variable may be unsafe. Consider using strcpy_s instead. To disable deprecation, use _CRT_SECURE_NO_WARNINGS. See online help for details.
  C:\Program Files (x86)\Windows Kits\10\Include\10.0.15063.0\ucrt\string.h(136): note: see declaration of 'strcpy'
rs232_linux.cpp(541): warning C4996: 'strcpy': This function or variable may be unsafe. Consider using strcpy_s instead. To disable deprecation, use _CRT_SECURE_NO_WARNINGS. See online help for details.
  C:\Program Files (x86)\Windows Kits\10\Include\10.0.15063.0\ucrt\string.h(136): note: see declaration of 'strcpy'
rs232_linux.cpp(543): warning C4996: 'strcpy': This function or variable may be unsafe. Consider using strcpy_s instead. To disable deprecation, use _CRT_SECURE_NO_WARNINGS. See online help for details.
  C:\Program Files (x86)\Windows Kits\10\Include\10.0.15063.0\ucrt\string.h(136): note: see declaration of 'strcpy'
rs232_linux.cpp(545): warning C4996: 'strcpy': This function or variable may be unsafe. Consider using strcpy_s instead. To disable deprecation, use _CRT_SECURE_NO_WARNINGS. See online help for details.
  C:\Program Files (x86)\Windows Kits\10\Include\10.0.15063.0\ucrt\string.h(136): note: see declaration of 'strcpy'
rs232_linux.cpp(547): warning C4996: 'strcpy': This function or variable may be unsafe. Consider using strcpy_s instead. To disable deprecation, use _CRT_SECURE_NO_WARNINGS. See online help for details.
  C:\Program Files (x86)\Windows Kits\10\Include\10.0.15063.0\ucrt\string.h(136): note: see declaration of 'strcpy'
rs232_linux.cpp(562): warning C4996: 'strcat': This function or variable may be unsafe. Consider using strcat_s instead. To disable deprecation, use _CRT_SECURE_NO_WARNINGS. See online help for details.
  C:\Program Files (x86)\Windows Kits\10\Include\10.0.15063.0\ucrt\string.h(93): note: see declaration of 'strcat'
rs232_linux.cpp(564): warning C4996: 'strcat': This function or variable may be unsafe. Consider using strcat_s instead. To disable deprecation, use _CRT_SECURE_NO_WARNINGS. See online help for details.
  C:\Program Files (x86)\Windows Kits\10\Include\10.0.15063.0\ucrt\string.h(93): note: see declaration of 'strcat'
rs232_linux.cpp(566): warning C4996: 'strcat': This function or variable may be unsafe. Consider using strcat_s instead. To disable deprecation, use _CRT_SECURE_NO_WARNINGS. See online help for details.
  C:\Program Files (x86)\Windows Kits\10\Include\10.0.15063.0\ucrt\string.h(93): note: see declaration of 'strcat'
rs232_linux.cpp(568): warning C4996: 'strcat': This function or variable may be unsafe. Consider using strcat_s instead. To disable deprecation, use _CRT_SECURE_NO_WARNINGS. See online help for details.
  C:\Program Files (x86)\Windows Kits\10\Include\10.0.15063.0\ucrt\string.h(93): note: see declaration of 'strcat'
rs232_linux.cpp(578): warning C4996: 'strcat': This function or variable may be unsafe. Consider using strcat_s instead. To disable deprecation, use _CRT_SECURE_NO_WARNINGS. See online help for details.
  C:\Program Files (x86)\Windows Kits\10\Include\10.0.15063.0\ucrt\string.h(93): note: see declaration of 'strcat'
rs232_linux.cpp(581): warning C4996: 'strcat': This function or variable may be unsafe. Consider using strcat_s instead. To disable deprecation, use _CRT_SECURE_NO_WARNINGS. See online help for details.
  C:\Program Files (x86)\Windows Kits\10\Include\10.0.15063.0\ucrt\string.h(93): note: see declaration of 'strcat'
rs232_linux.cpp(584): warning C4996: 'strcat': This function or variable may be unsafe. Consider using strcat_s instead. To disable deprecation, use _CRT_SECURE_NO_WARNINGS. See online help for details.
  C:\Program Files (x86)\Windows Kits\10\Include\10.0.15063.0\ucrt\string.h(93): note: see declaration of 'strcat'
rs232_linux.cpp(593): warning C4996: 'strcat': This function or variable may be unsafe. Consider using strcat_s instead. To disable deprecation, use _CRT_SECURE_NO_WARNINGS. See online help for details.
  C:\Program Files (x86)\Windows Kits\10\Include\10.0.15063.0\ucrt\string.h(93): note: see declaration of 'strcat'
rs232_linux.cpp(595): warning C4996: 'strcat': This function or variable may be unsafe. Consider using strcat_s instead. To disable deprecation, use _CRT_SECURE_NO_WARNINGS. See online help for details.
  C:\Program Files (x86)\Windows Kits\10\Include\10.0.15063.0\ucrt\string.h(93): note: see declaration of 'strcat'
rs232_linux.cpp(602): warning C4996: 'strcat': This function or variable may be unsafe. Consider using strcat_s instead. To disable deprecation, use _CRT_SECURE_NO_WARNINGS. See online help for details.
  C:\Program Files (x86)\Windows Kits\10\Include\10.0.15063.0\ucrt\string.h(93): note: see declaration of 'strcat'
rs232_linux.cpp(827): warning C4996: 'strcpy': This function or variable may be unsafe. Consider using strcpy_s instead. To disable deprecation, use _CRT_SECURE_NO_WARNINGS. See online help for details.
  C:\Program Files (x86)\Windows Kits\10\Include\10.0.15063.0\ucrt\string.h(136): note: see declaration of 'strcpy'
rs232_linux.cpp(829): warning C4996: 'strncat': This function or variable may be unsafe. Consider using strncat_s instead. To disable deprecation, use _CRT_SECURE_NO_WARNINGS. See online help for details.
  C:\Program Files (x86)\Windows Kits\10\Include\10.0.15063.0\ucrt\string.h(271): note: see declaration of 'strncat'
  stdafx.cpp
  Generating Code...
c:\users\bruce ko\desktop\minsub lee\development\ohs\ohs\twl_gui\itla.cpp(86): warning C4172: returning address of local variable or temporary: buf
c:\users\bruce ko\desktop\minsub lee\development\ohs\ohs\twl_gui\itla.cpp(147): warning C4172: returning address of local variable or temporary: buf
c:\users\bruce ko\desktop\minsub lee\development\ohs\ohs\twl_gui\itla.cpp(209): warning C4172: returning address of local variable or temporary: buf
  .NETFramework,Version=v4.6.1.AssemblyAttributes.cpp
  TWL_GUI.vcxproj -> C:\Users\Bruce Ko\Desktop\Minsub Lee\Development\OHS\OHS\Debug\OHS_GUI.exe
